E:\Git\Web\emaPractice\Suftnet.Co.Ema.Api\Frontends\dist\out-tsc\e2e\src\app.po.js
E:\Git\Web\emaPractice\Suftnet.Co.Ema.Api\Frontends\dist\out-tsc\e2e\src\app.po.js.map
E:\Git\Web\emaPractice\Suftnet.Co.Ema.Api\Frontends\dist\out-tsc\e2e\src\app.e2e-spec.js
E:\Git\Web\emaPractice\Suftnet.Co.Ema.Api\Frontends\dist\out-tsc\e2e\src\app.e2e-spec.js.map
E:\Git\Web\emaPractice\Suftnet.Co.Ema.Api\Frontends\dist\out-tsc\src\app\layout\auth-layout\auth-layout.component.js
E:\Git\Web\emaPractice\Suftnet.Co.Ema.Api\Frontends\dist\out-tsc\src\app\layout\auth-layout\auth-layout.component.js.map
E:\Git\Web\emaPractice\Suftnet.Co.Ema.Api\Frontends\dist\out-tsc\src\app\shared\types\app-config.interface.js
E:\Git\Web\emaPractice\Suftnet.Co.Ema.Api\Frontends\dist\out-tsc\src\app\shared\types\app-config.interface.js.map
E:\Git\Web\emaPractice\Suftnet.Co.Ema.Api\Frontends\dist\out-tsc\src\app\layout\app-layout\app-layout-component.js
E:\Git\Web\emaPractice\Suftnet.Co.Ema.Api\Frontends\dist\out-tsc\src\app\layout\app-layout\app-layout-component.js.map
E:\Git\Web\emaPractice\Suftnet.Co.Ema.Api\Frontends\dist\out-tsc\src\app\layout\frontend-layout\frontend-layout.component.js
E:\Git\Web\emaPractice\Suftnet.Co.Ema.Api\Frontends\dist\out-tsc\src\app\layout\frontend-layout\frontend-layout.component.js.map
E:\Git\Web\emaPractice\Suftnet.Co.Ema.Api\Frontends\dist\out-tsc\src\app\views\auth\login\login.component.js
E:\Git\Web\emaPractice\Suftnet.Co.Ema.Api\Frontends\dist\out-tsc\src\app\views\auth\login\login.component.js.map
E:\Git\Web\emaPractice\Suftnet.Co.Ema.Api\Frontends\dist\out-tsc\src\app\views\auth\login-v2\login-v2.component.js
E:\Git\Web\emaPractice\Suftnet.Co.Ema.Api\Frontends\dist\out-tsc\src\app\views\auth\login-v2\login-v2.component.js.map
E:\Git\Web\emaPractice\Suftnet.Co.Ema.Api\Frontends\dist\out-tsc\src\app\views\auth\login-v3\login-v3.component.js
E:\Git\Web\emaPractice\Suftnet.Co.Ema.Api\Frontends\dist\out-tsc\src\app\views\auth\login-v3\login-v3.component.js.map
E:\Git\Web\emaPractice\Suftnet.Co.Ema.Api\Frontends\dist\out-tsc\src\app\views\auth\register\register.component.js
E:\Git\Web\emaPractice\Suftnet.Co.Ema.Api\Frontends\dist\out-tsc\src\app\views\auth\register\register.component.js.map
E:\Git\Web\emaPractice\Suftnet.Co.Ema.Api\Frontends\dist\out-tsc\src\app\views\auth\register-v2\register-v2.component.js
E:\Git\Web\emaPractice\Suftnet.Co.Ema.Api\Frontends\dist\out-tsc\src\app\views\auth\register-v2\register-v2.component.js.map
E:\Git\Web\emaPractice\Suftnet.Co.Ema.Api\Frontends\dist\out-tsc\src\app\views\auth\register-v3\register-v3.component.js
E:\Git\Web\emaPractice\Suftnet.Co.Ema.Api\Frontends\dist\out-tsc\src\app\views\auth\register-v3\register-v3.component.js.map
E:\Git\Web\emaPractice\Suftnet.Co.Ema.Api\Frontends\dist\out-tsc\src\app\views\auth\auth-routing.module.js
E:\Git\Web\emaPractice\Suftnet.Co.Ema.Api\Frontends\dist\out-tsc\src\app\views\auth\auth-routing.module.js.map
E:\Git\Web\emaPractice\Suftnet.Co.Ema.Api\Frontends\dist\out-tsc\src\app\shared\shared.module.js
E:\Git\Web\emaPractice\Suftnet.Co.Ema.Api\Frontends\dist\out-tsc\src\app\shared\shared.module.js.map
E:\Git\Web\emaPractice\Suftnet.Co.Ema.Api\Frontends\dist\out-tsc\src\app\shared\components\logo\logo.component.js
E:\Git\Web\emaPractice\Suftnet.Co.Ema.Api\Frontends\dist\out-tsc\src\app\shared\components\logo\logo.component.js.map
E:\Git\Web\emaPractice\Suftnet.Co.Ema.Api\Frontends\dist\out-tsc\src\app\shared\components\logo\logo.module.js
E:\Git\Web\emaPractice\Suftnet.Co.Ema.Api\Frontends\dist\out-tsc\src\app\shared\components\logo\logo.module.js.map
E:\Git\Web\emaPractice\Suftnet.Co.Ema.Api\Frontends\dist\out-tsc\src\app\views\auth\components\login-form\login-form.component.js
E:\Git\Web\emaPractice\Suftnet.Co.Ema.Api\Frontends\dist\out-tsc\src\app\views\auth\components\login-form\login-form.component.js.map
E:\Git\Web\emaPractice\Suftnet.Co.Ema.Api\Frontends\dist\out-tsc\src\app\views\auth\components\register-form\register-form.component.js
E:\Git\Web\emaPractice\Suftnet.Co.Ema.Api\Frontends\dist\out-tsc\src\app\views\auth\components\register-form\register-form.component.js.map
E:\Git\Web\emaPractice\Suftnet.Co.Ema.Api\Frontends\dist\out-tsc\src\app\views\auth\auth.module.js
E:\Git\Web\emaPractice\Suftnet.Co.Ema.Api\Frontends\dist\out-tsc\src\app\views\auth\auth.module.js.map
E:\Git\Web\emaPractice\Suftnet.Co.Ema.Api\Frontends\dist\out-tsc\src\app\routes\auth-layout.routes.js
E:\Git\Web\emaPractice\Suftnet.Co.Ema.Api\Frontends\dist\out-tsc\src\app\routes\auth-layout.routes.js.map
E:\Git\Web\emaPractice\Suftnet.Co.Ema.Api\Frontends\dist\out-tsc\src\app\views\dashboard\dashboard.component.js
E:\Git\Web\emaPractice\Suftnet.Co.Ema.Api\Frontends\dist\out-tsc\src\app\views\dashboard\dashboard.component.js.map
E:\Git\Web\emaPractice\Suftnet.Co.Ema.Api\Frontends\dist\out-tsc\src\app\views\dashboard\dashboard-routing.module.js
E:\Git\Web\emaPractice\Suftnet.Co.Ema.Api\Frontends\dist\out-tsc\src\app\views\dashboard\dashboard-routing.module.js.map
E:\Git\Web\emaPractice\Suftnet.Co.Ema.Api\Frontends\dist\out-tsc\src\app\views\dashboard\dashboard.module.js
E:\Git\Web\emaPractice\Suftnet.Co.Ema.Api\Frontends\dist\out-tsc\src\app\views\dashboard\dashboard.module.js.map
E:\Git\Web\emaPractice\Suftnet.Co.Ema.Api\Frontends\dist\out-tsc\src\app\routes\app-layout.routes.js
E:\Git\Web\emaPractice\Suftnet.Co.Ema.Api\Frontends\dist\out-tsc\src\app\routes\app-layout.routes.js.map
E:\Git\Web\emaPractice\Suftnet.Co.Ema.Api\Frontends\dist\out-tsc\src\app\views\frontends\frontend-header\frontend-header.component.js
E:\Git\Web\emaPractice\Suftnet.Co.Ema.Api\Frontends\dist\out-tsc\src\app\views\frontends\frontend-header\frontend-header.component.js.map
E:\Git\Web\emaPractice\Suftnet.Co.Ema.Api\Frontends\dist\out-tsc\src\app\views\frontends\frontend-header\frontend-header.module.js
E:\Git\Web\emaPractice\Suftnet.Co.Ema.Api\Frontends\dist\out-tsc\src\app\views\frontends\frontend-header\frontend-header.module.js.map
E:\Git\Web\emaPractice\Suftnet.Co.Ema.Api\Frontends\dist\out-tsc\src\app\views\frontends\contact\contact.component.js
E:\Git\Web\emaPractice\Suftnet.Co.Ema.Api\Frontends\dist\out-tsc\src\app\views\frontends\contact\contact.component.js.map
E:\Git\Web\emaPractice\Suftnet.Co.Ema.Api\Frontends\dist\out-tsc\src\app\views\frontends\contact\contact.routing.module.js
E:\Git\Web\emaPractice\Suftnet.Co.Ema.Api\Frontends\dist\out-tsc\src\app\views\frontends\contact\contact.routing.module.js.map
E:\Git\Web\emaPractice\Suftnet.Co.Ema.Api\Frontends\dist\out-tsc\src\app\views\frontends\contact\contact.module.js
E:\Git\Web\emaPractice\Suftnet.Co.Ema.Api\Frontends\dist\out-tsc\src\app\views\frontends\contact\contact.module.js.map
E:\Git\Web\emaPractice\Suftnet.Co.Ema.Api\Frontends\dist\out-tsc\src\app\views\frontends\frontend-theme\frontend-theme.component.js
E:\Git\Web\emaPractice\Suftnet.Co.Ema.Api\Frontends\dist\out-tsc\src\app\views\frontends\frontend-theme\frontend-theme.component.js.map
E:\Git\Web\emaPractice\Suftnet.Co.Ema.Api\Frontends\dist\out-tsc\src\app\views\frontends\scrollup\scrollup.component.js
E:\Git\Web\emaPractice\Suftnet.Co.Ema.Api\Frontends\dist\out-tsc\src\app\views\frontends\scrollup\scrollup.component.js.map
E:\Git\Web\emaPractice\Suftnet.Co.Ema.Api\Frontends\dist\out-tsc\src\app\views\frontends\scrollup\scrollup.module.js
E:\Git\Web\emaPractice\Suftnet.Co.Ema.Api\Frontends\dist\out-tsc\src\app\views\frontends\scrollup\scrollup.module.js.map
E:\Git\Web\emaPractice\Suftnet.Co.Ema.Api\Frontends\dist\out-tsc\src\app\views\frontends\screenshots\screenshots.component.js
E:\Git\Web\emaPractice\Suftnet.Co.Ema.Api\Frontends\dist\out-tsc\src\app\views\frontends\screenshots\screenshots.component.js.map
E:\Git\Web\emaPractice\Suftnet.Co.Ema.Api\Frontends\dist\out-tsc\src\app\views\frontends\screenshots\screenshots.module.js
E:\Git\Web\emaPractice\Suftnet.Co.Ema.Api\Frontends\dist\out-tsc\src\app\views\frontends\screenshots\screenshots.module.js.map
E:\Git\Web\emaPractice\Suftnet.Co.Ema.Api\Frontends\dist\out-tsc\src\app\views\frontends\features\features.component.js
E:\Git\Web\emaPractice\Suftnet.Co.Ema.Api\Frontends\dist\out-tsc\src\app\views\frontends\features\features.component.js.map
E:\Git\Web\emaPractice\Suftnet.Co.Ema.Api\Frontends\dist\out-tsc\src\app\views\frontends\features\features.module.js
E:\Git\Web\emaPractice\Suftnet.Co.Ema.Api\Frontends\dist\out-tsc\src\app\views\frontends\features\features.module.js.map
E:\Git\Web\emaPractice\Suftnet.Co.Ema.Api\Frontends\dist\out-tsc\src\app\views\frontends\home\home.component.js
E:\Git\Web\emaPractice\Suftnet.Co.Ema.Api\Frontends\dist\out-tsc\src\app\views\frontends\home\home.component.js.map
E:\Git\Web\emaPractice\Suftnet.Co.Ema.Api\Frontends\dist\out-tsc\src\app\views\frontends\home\home.module.js
E:\Git\Web\emaPractice\Suftnet.Co.Ema.Api\Frontends\dist\out-tsc\src\app\views\frontends\home\home.module.js.map
E:\Git\Web\emaPractice\Suftnet.Co.Ema.Api\Frontends\dist\out-tsc\src\app\views\frontends\frontend-theme\frontend-theme.routing.module.js
E:\Git\Web\emaPractice\Suftnet.Co.Ema.Api\Frontends\dist\out-tsc\src\app\views\frontends\frontend-theme\frontend-theme.routing.module.js.map
E:\Git\Web\emaPractice\Suftnet.Co.Ema.Api\Frontends\dist\out-tsc\src\app\views\frontends\frontend-footer\frontend-footer.component.js
E:\Git\Web\emaPractice\Suftnet.Co.Ema.Api\Frontends\dist\out-tsc\src\app\views\frontends\frontend-footer\frontend-footer.component.js.map
E:\Git\Web\emaPractice\Suftnet.Co.Ema.Api\Frontends\dist\out-tsc\src\app\views\frontends\frontend-footer\frontend-footer.module.js
E:\Git\Web\emaPractice\Suftnet.Co.Ema.Api\Frontends\dist\out-tsc\src\app\views\frontends\frontend-footer\frontend-footer.module.js.map
E:\Git\Web\emaPractice\Suftnet.Co.Ema.Api\Frontends\dist\out-tsc\src\app\views\frontends\frontend-theme\frontend-theme.module.js
E:\Git\Web\emaPractice\Suftnet.Co.Ema.Api\Frontends\dist\out-tsc\src\app\views\frontends\frontend-theme\frontend-theme.module.js.map
E:\Git\Web\emaPractice\Suftnet.Co.Ema.Api\Frontends\dist\out-tsc\src\app\views\frontends\accounts\login\login.component.js
E:\Git\Web\emaPractice\Suftnet.Co.Ema.Api\Frontends\dist\out-tsc\src\app\views\frontends\accounts\login\login.component.js.map
E:\Git\Web\emaPractice\Suftnet.Co.Ema.Api\Frontends\dist\out-tsc\src\app\views\frontends\accounts\signup\signup.component.js
E:\Git\Web\emaPractice\Suftnet.Co.Ema.Api\Frontends\dist\out-tsc\src\app\views\frontends\accounts\signup\signup.component.js.map
E:\Git\Web\emaPractice\Suftnet.Co.Ema.Api\Frontends\dist\out-tsc\src\app\views\frontends\accounts\reset\reset.component.js
E:\Git\Web\emaPractice\Suftnet.Co.Ema.Api\Frontends\dist\out-tsc\src\app\views\frontends\accounts\reset\reset.component.js.map
E:\Git\Web\emaPractice\Suftnet.Co.Ema.Api\Frontends\dist\out-tsc\src\app\views\frontends\accounts\accounts.routing.module.js
E:\Git\Web\emaPractice\Suftnet.Co.Ema.Api\Frontends\dist\out-tsc\src\app\views\frontends\accounts\accounts.routing.module.js.map
E:\Git\Web\emaPractice\Suftnet.Co.Ema.Api\Frontends\dist\out-tsc\src\app\views\frontends\accounts\accounts.module.js
E:\Git\Web\emaPractice\Suftnet.Co.Ema.Api\Frontends\dist\out-tsc\src\app\views\frontends\accounts\accounts.module.js.map
E:\Git\Web\emaPractice\Suftnet.Co.Ema.Api\Frontends\dist\out-tsc\src\app\views\frontends\frontend-routing.module.js
E:\Git\Web\emaPractice\Suftnet.Co.Ema.Api\Frontends\dist\out-tsc\src\app\views\frontends\frontend-routing.module.js.map
E:\Git\Web\emaPractice\Suftnet.Co.Ema.Api\Frontends\dist\out-tsc\src\app\views\frontends\frontend.module.js
E:\Git\Web\emaPractice\Suftnet.Co.Ema.Api\Frontends\dist\out-tsc\src\app\views\frontends\frontend.module.js.map
E:\Git\Web\emaPractice\Suftnet.Co.Ema.Api\Frontends\dist\out-tsc\src\app\routes\frontend-layout.routes.js
E:\Git\Web\emaPractice\Suftnet.Co.Ema.Api\Frontends\dist\out-tsc\src\app\routes\frontend-layout.routes.js.map
E:\Git\Web\emaPractice\Suftnet.Co.Ema.Api\Frontends\dist\out-tsc\src\app\app-routing.module.js
E:\Git\Web\emaPractice\Suftnet.Co.Ema.Api\Frontends\dist\out-tsc\src\app\app-routing.module.js.map
E:\Git\Web\emaPractice\Suftnet.Co.Ema.Api\Frontends\dist\out-tsc\src\app\shared\components\nav-menu\nav-menu.component.js
E:\Git\Web\emaPractice\Suftnet.Co.Ema.Api\Frontends\dist\out-tsc\src\app\shared\components\nav-menu\nav-menu.component.js.map
E:\Git\Web\emaPractice\Suftnet.Co.Ema.Api\Frontends\dist\out-tsc\src\app\shared\components\nav-menu\nav-submenu.component.js
E:\Git\Web\emaPractice\Suftnet.Co.Ema.Api\Frontends\dist\out-tsc\src\app\shared\components\nav-menu\nav-submenu.component.js.map
E:\Git\Web\emaPractice\Suftnet.Co.Ema.Api\Frontends\dist\out-tsc\src\app\shared\utils\RemoveNgTag.js
E:\Git\Web\emaPractice\Suftnet.Co.Ema.Api\Frontends\dist\out-tsc\src\app\shared\utils\RemoveNgTag.js.map
E:\Git\Web\emaPractice\Suftnet.Co.Ema.Api\Frontends\dist\out-tsc\src\app\shared\utils\IsParentTag.js
E:\Git\Web\emaPractice\Suftnet.Co.Ema.Api\Frontends\dist\out-tsc\src\app\shared\utils\IsParentTag.js.map
E:\Git\Web\emaPractice\Suftnet.Co.Ema.Api\Frontends\dist\out-tsc\src\app\shared\components\nav-menu\nav-menu-item.component.js
E:\Git\Web\emaPractice\Suftnet.Co.Ema.Api\Frontends\dist\out-tsc\src\app\shared\components\nav-menu\nav-menu-item.component.js.map
E:\Git\Web\emaPractice\Suftnet.Co.Ema.Api\Frontends\dist\out-tsc\src\app\shared\components\nav-menu\nav-menu-item-group.component.js
E:\Git\Web\emaPractice\Suftnet.Co.Ema.Api\Frontends\dist\out-tsc\src\app\shared\components\nav-menu\nav-menu-item-group.component.js.map
E:\Git\Web\emaPractice\Suftnet.Co.Ema.Api\Frontends\dist\out-tsc\src\app\shared\components\nav-menu\nav-menu.module.js
E:\Git\Web\emaPractice\Suftnet.Co.Ema.Api\Frontends\dist\out-tsc\src\app\shared\components\nav-menu\nav-menu.module.js.map
E:\Git\Web\emaPractice\Suftnet.Co.Ema.Api\Frontends\dist\out-tsc\src\app\shared\components\avatar\avatar.component.js
E:\Git\Web\emaPractice\Suftnet.Co.Ema.Api\Frontends\dist\out-tsc\src\app\shared\components\avatar\avatar.component.js.map
E:\Git\Web\emaPractice\Suftnet.Co.Ema.Api\Frontends\dist\out-tsc\src\app\shared\components\avatar\avatar.module.js
E:\Git\Web\emaPractice\Suftnet.Co.Ema.Api\Frontends\dist\out-tsc\src\app\shared\components\avatar\avatar.module.js.map
E:\Git\Web\emaPractice\Suftnet.Co.Ema.Api\Frontends\dist\out-tsc\src\app\shared\components\dropdown\dropdown.service.js
E:\Git\Web\emaPractice\Suftnet.Co.Ema.Api\Frontends\dist\out-tsc\src\app\shared\components\dropdown\dropdown.service.js.map
E:\Git\Web\emaPractice\Suftnet.Co.Ema.Api\Frontends\dist\out-tsc\src\app\shared\components\dropdown\dropdown.component.js
E:\Git\Web\emaPractice\Suftnet.Co.Ema.Api\Frontends\dist\out-tsc\src\app\shared\components\dropdown\dropdown.component.js.map
E:\Git\Web\emaPractice\Suftnet.Co.Ema.Api\Frontends\dist\out-tsc\src\app\shared\components\dropdown\dropdown-menu.component.js
E:\Git\Web\emaPractice\Suftnet.Co.Ema.Api\Frontends\dist\out-tsc\src\app\shared\components\dropdown\dropdown-menu.component.js.map
E:\Git\Web\emaPractice\Suftnet.Co.Ema.Api\Frontends\dist\out-tsc\src\app\shared\components\dropdown\dropdown-item.directive.js
E:\Git\Web\emaPractice\Suftnet.Co.Ema.Api\Frontends\dist\out-tsc\src\app\shared\components\dropdown\dropdown-item.directive.js.map
E:\Git\Web\emaPractice\Suftnet.Co.Ema.Api\Frontends\dist\out-tsc\src\app\shared\components\dropdown\dropdown.module.js
E:\Git\Web\emaPractice\Suftnet.Co.Ema.Api\Frontends\dist\out-tsc\src\app\shared\components\dropdown\dropdown.module.js.map
E:\Git\Web\emaPractice\Suftnet.Co.Ema.Api\Frontends\dist\out-tsc\src\app\shared\components\switch\switch.component.js
E:\Git\Web\emaPractice\Suftnet.Co.Ema.Api\Frontends\dist\out-tsc\src\app\shared\components\switch\switch.component.js.map
E:\Git\Web\emaPractice\Suftnet.Co.Ema.Api\Frontends\dist\out-tsc\src\app\shared\components\switch\switch.module.js
E:\Git\Web\emaPractice\Suftnet.Co.Ema.Api\Frontends\dist\out-tsc\src\app\shared\components\switch\switch.module.js.map
E:\Git\Web\emaPractice\Suftnet.Co.Ema.Api\Frontends\dist\out-tsc\src\app\shared\types\screen-size.enum.js
E:\Git\Web\emaPractice\Suftnet.Co.Ema.Api\Frontends\dist\out-tsc\src\app\shared\types\screen-size.enum.js.map
E:\Git\Web\emaPractice\Suftnet.Co.Ema.Api\Frontends\dist\out-tsc\src\app\shared\services\screen-size.service.js
E:\Git\Web\emaPractice\Suftnet.Co.Ema.Api\Frontends\dist\out-tsc\src\app\shared\services\screen-size.service.js.map
E:\Git\Web\emaPractice\Suftnet.Co.Ema.Api\Frontends\dist\out-tsc\src\app\layout\components\horizontal-layout\horizontal-layout.component.js
E:\Git\Web\emaPractice\Suftnet.Co.Ema.Api\Frontends\dist\out-tsc\src\app\layout\components\horizontal-layout\horizontal-layout.component.js.map
E:\Git\Web\emaPractice\Suftnet.Co.Ema.Api\Frontends\dist\out-tsc\src\app\layout\components\vertical-layout\vertical-layout.component.js
E:\Git\Web\emaPractice\Suftnet.Co.Ema.Api\Frontends\dist\out-tsc\src\app\layout\components\vertical-layout\vertical-layout.component.js.map
E:\Git\Web\emaPractice\Suftnet.Co.Ema.Api\Frontends\dist\out-tsc\src\app\shared\types\nav-menu.interface.js
E:\Git\Web\emaPractice\Suftnet.Co.Ema.Api\Frontends\dist\out-tsc\src\app\shared\types\nav-menu.interface.js.map
E:\Git\Web\emaPractice\Suftnet.Co.Ema.Api\Frontends\dist\out-tsc\src\app\configs\nav.config.js
E:\Git\Web\emaPractice\Suftnet.Co.Ema.Api\Frontends\dist\out-tsc\src\app\configs\nav.config.js.map
E:\Git\Web\emaPractice\Suftnet.Co.Ema.Api\Frontends\dist\out-tsc\src\app\layout\components\side-nav\side-nav.components.js
E:\Git\Web\emaPractice\Suftnet.Co.Ema.Api\Frontends\dist\out-tsc\src\app\layout\components\side-nav\side-nav.components.js.map
E:\Git\Web\emaPractice\Suftnet.Co.Ema.Api\Frontends\dist\out-tsc\src\app\shared\utils\ColorContrast.js
E:\Git\Web\emaPractice\Suftnet.Co.Ema.Api\Frontends\dist\out-tsc\src\app\shared\utils\ColorContrast.js.map
E:\Git\Web\emaPractice\Suftnet.Co.Ema.Api\Frontends\dist\out-tsc\src\app\layout\components\header-nav\header-nav.component.js
E:\Git\Web\emaPractice\Suftnet.Co.Ema.Api\Frontends\dist\out-tsc\src\app\layout\components\header-nav\header-nav.component.js.map
E:\Git\Web\emaPractice\Suftnet.Co.Ema.Api\Frontends\dist\out-tsc\src\app\layout\components\header-navbar\header-navbar.component.js
E:\Git\Web\emaPractice\Suftnet.Co.Ema.Api\Frontends\dist\out-tsc\src\app\layout\components\header-navbar\header-navbar.component.js.map
E:\Git\Web\emaPractice\Suftnet.Co.Ema.Api\Frontends\dist\out-tsc\src\app\store\app-config\app-config.action.js
E:\Git\Web\emaPractice\Suftnet.Co.Ema.Api\Frontends\dist\out-tsc\src\app\store\app-config\app-config.action.js.map
E:\Git\Web\emaPractice\Suftnet.Co.Ema.Api\Frontends\dist\out-tsc\src\app\layout\components\nav-toggle\nav-toggle.component.js
E:\Git\Web\emaPractice\Suftnet.Co.Ema.Api\Frontends\dist\out-tsc\src\app\layout\components\nav-toggle\nav-toggle.component.js.map
E:\Git\Web\emaPractice\Suftnet.Co.Ema.Api\Frontends\dist\out-tsc\src\app\layout\components\content\content.component.js
E:\Git\Web\emaPractice\Suftnet.Co.Ema.Api\Frontends\dist\out-tsc\src\app\layout\components\content\content.component.js.map
E:\Git\Web\emaPractice\Suftnet.Co.Ema.Api\Frontends\dist\out-tsc\src\app\layout\components\footer\footer.component.js
E:\Git\Web\emaPractice\Suftnet.Co.Ema.Api\Frontends\dist\out-tsc\src\app\layout\components\footer\footer.component.js.map
E:\Git\Web\emaPractice\Suftnet.Co.Ema.Api\Frontends\dist\out-tsc\src\app\layout\components\page-header\page-header.component.js
E:\Git\Web\emaPractice\Suftnet.Co.Ema.Api\Frontends\dist\out-tsc\src\app\layout\components\page-header\page-header.component.js.map
E:\Git\Web\emaPractice\Suftnet.Co.Ema.Api\Frontends\dist\out-tsc\src\app\shared\utils\TimeSince.js
E:\Git\Web\emaPractice\Suftnet.Co.Ema.Api\Frontends\dist\out-tsc\src\app\shared\utils\TimeSince.js.map
E:\Git\Web\emaPractice\Suftnet.Co.Ema.Api\Frontends\dist\out-tsc\src\app\layout\components\nav-notification\nav-notification.component.js
E:\Git\Web\emaPractice\Suftnet.Co.Ema.Api\Frontends\dist\out-tsc\src\app\layout\components\nav-notification\nav-notification.component.js.map
E:\Git\Web\emaPractice\Suftnet.Co.Ema.Api\Frontends\dist\out-tsc\src\app\configs\i18n.config.js
E:\Git\Web\emaPractice\Suftnet.Co.Ema.Api\Frontends\dist\out-tsc\src\app\configs\i18n.config.js.map
E:\Git\Web\emaPractice\Suftnet.Co.Ema.Api\Frontends\dist\out-tsc\src\app\layout\components\nav-i18n\nav-i18n.component.js
E:\Git\Web\emaPractice\Suftnet.Co.Ema.Api\Frontends\dist\out-tsc\src\app\layout\components\nav-i18n\nav-i18n.component.js.map
E:\Git\Web\emaPractice\Suftnet.Co.Ema.Api\Frontends\dist\out-tsc\src\app\layout\components\nav-profile\nav-profile.component.js
E:\Git\Web\emaPractice\Suftnet.Co.Ema.Api\Frontends\dist\out-tsc\src\app\layout\components\nav-profile\nav-profile.component.js.map
E:\Git\Web\emaPractice\Suftnet.Co.Ema.Api\Frontends\dist\out-tsc\src\app\shared\types\modal-direction.js
E:\Git\Web\emaPractice\Suftnet.Co.Ema.Api\Frontends\dist\out-tsc\src\app\shared\types\modal-direction.js.map
E:\Git\Web\emaPractice\Suftnet.Co.Ema.Api\Frontends\dist\out-tsc\src\app\layout\components\nav-config\nav-config.component.js
E:\Git\Web\emaPractice\Suftnet.Co.Ema.Api\Frontends\dist\out-tsc\src\app\layout\components\nav-config\nav-config.component.js.map
E:\Git\Web\emaPractice\Suftnet.Co.Ema.Api\Frontends\dist\out-tsc\src\app\layout\components\theme-configurator\theme-configurator.component.js
E:\Git\Web\emaPractice\Suftnet.Co.Ema.Api\Frontends\dist\out-tsc\src\app\layout\components\theme-configurator\theme-configurator.component.js.map
E:\Git\Web\emaPractice\Suftnet.Co.Ema.Api\Frontends\dist\out-tsc\src\app\layout\components\vertical-menu-content\vertical-menu-content.component.js
E:\Git\Web\emaPractice\Suftnet.Co.Ema.Api\Frontends\dist\out-tsc\src\app\layout\components\vertical-menu-content\vertical-menu-content.component.js.map
E:\Git\Web\emaPractice\Suftnet.Co.Ema.Api\Frontends\dist\out-tsc\src\app\layout\components\mobile-nav\mobile-nav.component.js
E:\Git\Web\emaPractice\Suftnet.Co.Ema.Api\Frontends\dist\out-tsc\src\app\layout\components\mobile-nav\mobile-nav.component.js.map
E:\Git\Web\emaPractice\Suftnet.Co.Ema.Api\Frontends\dist\out-tsc\src\app\layout\layout.module.js
E:\Git\Web\emaPractice\Suftnet.Co.Ema.Api\Frontends\dist\out-tsc\src\app\layout\layout.module.js.map
E:\Git\Web\emaPractice\Suftnet.Co.Ema.Api\Frontends\dist\out-tsc\src\app\configs\app.config.js
E:\Git\Web\emaPractice\Suftnet.Co.Ema.Api\Frontends\dist\out-tsc\src\app\configs\app.config.js.map
E:\Git\Web\emaPractice\Suftnet.Co.Ema.Api\Frontends\dist\out-tsc\src\app\store\app-config\app-config.state.js
E:\Git\Web\emaPractice\Suftnet.Co.Ema.Api\Frontends\dist\out-tsc\src\app\store\app-config\app-config.state.js.map
E:\Git\Web\emaPractice\Suftnet.Co.Ema.Api\Frontends\dist\out-tsc\src\app\i18n\en\section\nav.js
E:\Git\Web\emaPractice\Suftnet.Co.Ema.Api\Frontends\dist\out-tsc\src\app\i18n\en\section\nav.js.map
E:\Git\Web\emaPractice\Suftnet.Co.Ema.Api\Frontends\dist\out-tsc\src\app\i18n\en\index.js
E:\Git\Web\emaPractice\Suftnet.Co.Ema.Api\Frontends\dist\out-tsc\src\app\i18n\en\index.js.map
E:\Git\Web\emaPractice\Suftnet.Co.Ema.Api\Frontends\dist\out-tsc\src\app\i18n\fr\section\nav.js
E:\Git\Web\emaPractice\Suftnet.Co.Ema.Api\Frontends\dist\out-tsc\src\app\i18n\fr\section\nav.js.map
E:\Git\Web\emaPractice\Suftnet.Co.Ema.Api\Frontends\dist\out-tsc\src\app\i18n\fr\index.js
E:\Git\Web\emaPractice\Suftnet.Co.Ema.Api\Frontends\dist\out-tsc\src\app\i18n\fr\index.js.map
E:\Git\Web\emaPractice\Suftnet.Co.Ema.Api\Frontends\dist\out-tsc\src\app\app.component.js
E:\Git\Web\emaPractice\Suftnet.Co.Ema.Api\Frontends\dist\out-tsc\src\app\app.component.js.map
E:\Git\Web\emaPractice\Suftnet.Co.Ema.Api\Frontends\dist\out-tsc\src\app\app.module.js
E:\Git\Web\emaPractice\Suftnet.Co.Ema.Api\Frontends\dist\out-tsc\src\app\app.module.js.map
E:\Git\Web\emaPractice\Suftnet.Co.Ema.Api\Frontends\dist\out-tsc\src\environments\environment.js
E:\Git\Web\emaPractice\Suftnet.Co.Ema.Api\Frontends\dist\out-tsc\src\environments\environment.js.map
E:\Git\Web\emaPractice\Suftnet.Co.Ema.Api\Frontends\dist\out-tsc\src\main.js
E:\Git\Web\emaPractice\Suftnet.Co.Ema.Api\Frontends\dist\out-tsc\src\main.js.map
E:\Git\Web\emaPractice\Suftnet.Co.Ema.Api\Frontends\dist\out-tsc\src\polyfills.js
E:\Git\Web\emaPractice\Suftnet.Co.Ema.Api\Frontends\dist\out-tsc\src\polyfills.js.map
E:\Git\Web\emaPractice\Suftnet.Co.Ema.Api\Frontends\dist\out-tsc\src\test.js
E:\Git\Web\emaPractice\Suftnet.Co.Ema.Api\Frontends\dist\out-tsc\src\test.js.map
E:\Git\Web\emaPractice\Suftnet.Co.Ema.Api\Frontends\dist\out-tsc\src\app\configs\chart.config.js
E:\Git\Web\emaPractice\Suftnet.Co.Ema.Api\Frontends\dist\out-tsc\src\app\configs\chart.config.js.map
E:\Git\Web\emaPractice\Suftnet.Co.Ema.Api\Frontends\dist\out-tsc\src\app\layout\components\scrollup\scrollup.component.js
E:\Git\Web\emaPractice\Suftnet.Co.Ema.Api\Frontends\dist\out-tsc\src\app\layout\components\scrollup\scrollup.component.js.map
E:\Git\Web\emaPractice\Suftnet.Co.Ema.Api\Frontends\dist\out-tsc\src\app\layout\components\scrollup\scrollup.component.spec.js
E:\Git\Web\emaPractice\Suftnet.Co.Ema.Api\Frontends\dist\out-tsc\src\app\layout\components\scrollup\scrollup.component.spec.js.map
E:\Git\Web\emaPractice\Suftnet.Co.Ema.Api\Frontends\dist\out-tsc\src\app\mock-data\app.mock.js
E:\Git\Web\emaPractice\Suftnet.Co.Ema.Api\Frontends\dist\out-tsc\src\app\mock-data\app.mock.js.map
E:\Git\Web\emaPractice\Suftnet.Co.Ema.Api\Frontends\dist\out-tsc\src\app\shared\animations\fadeInOut.animation.js
E:\Git\Web\emaPractice\Suftnet.Co.Ema.Api\Frontends\dist\out-tsc\src\app\shared\animations\fadeInOut.animation.js.map
E:\Git\Web\emaPractice\Suftnet.Co.Ema.Api\Frontends\dist\out-tsc\src\app\shared\components\checkbox\checkbox.component.js
E:\Git\Web\emaPractice\Suftnet.Co.Ema.Api\Frontends\dist\out-tsc\src\app\shared\components\checkbox\checkbox.component.js.map
E:\Git\Web\emaPractice\Suftnet.Co.Ema.Api\Frontends\dist\out-tsc\src\app\shared\components\checkbox\checkbox.module.js
E:\Git\Web\emaPractice\Suftnet.Co.Ema.Api\Frontends\dist\out-tsc\src\app\shared\components\checkbox\checkbox.module.js.map
E:\Git\Web\emaPractice\Suftnet.Co.Ema.Api\Frontends\dist\out-tsc\src\app\shared\components\column-panel\column-panel.component.js
E:\Git\Web\emaPractice\Suftnet.Co.Ema.Api\Frontends\dist\out-tsc\src\app\shared\components\column-panel\column-panel.component.js.map
E:\Git\Web\emaPractice\Suftnet.Co.Ema.Api\Frontends\dist\out-tsc\src\app\shared\components\column-panel\column-panel.module.js
E:\Git\Web\emaPractice\Suftnet.Co.Ema.Api\Frontends\dist\out-tsc\src\app\shared\components\column-panel\column-panel.module.js.map
E:\Git\Web\emaPractice\Suftnet.Co.Ema.Api\Frontends\dist\out-tsc\src\app\shared\components\docs\models\source-code.model.js
E:\Git\Web\emaPractice\Suftnet.Co.Ema.Api\Frontends\dist\out-tsc\src\app\shared\components\docs\models\source-code.model.js.map
E:\Git\Web\emaPractice\Suftnet.Co.Ema.Api\Frontends\dist\out-tsc\src\app\shared\components\docs\models\components-examples.model.js
E:\Git\Web\emaPractice\Suftnet.Co.Ema.Api\Frontends\dist\out-tsc\src\app\shared\components\docs\models\components-examples.model.js.map
E:\Git\Web\emaPractice\Suftnet.Co.Ema.Api\Frontends\dist\out-tsc\src\app\shared\components\docs\models\components-api.model.js
E:\Git\Web\emaPractice\Suftnet.Co.Ema.Api\Frontends\dist\out-tsc\src\app\shared\components\docs\models\components-api.model.js.map
E:\Git\Web\emaPractice\Suftnet.Co.Ema.Api\Frontends\dist\out-tsc\src\app\shared\components\docs\models\components-top-section.model.js
E:\Git\Web\emaPractice\Suftnet.Co.Ema.Api\Frontends\dist\out-tsc\src\app\shared\components\docs\models\components-top-section.model.js.map
E:\Git\Web\emaPractice\Suftnet.Co.Ema.Api\Frontends\dist\out-tsc\src\app\shared\components\docs\models\content-section.model.js
E:\Git\Web\emaPractice\Suftnet.Co.Ema.Api\Frontends\dist\out-tsc\src\app\shared\components\docs\models\content-section.model.js.map
E:\Git\Web\emaPractice\Suftnet.Co.Ema.Api\Frontends\dist\out-tsc\src\app\shared\components\docs\common\add-nav\add-nav.component.js
E:\Git\Web\emaPractice\Suftnet.Co.Ema.Api\Frontends\dist\out-tsc\src\app\shared\components\docs\common\add-nav\add-nav.component.js.map
E:\Git\Web\emaPractice\Suftnet.Co.Ema.Api\Frontends\dist\out-tsc\src\app\shared\components\docs\demo-section\demo-section.component.js
E:\Git\Web\emaPractice\Suftnet.Co.Ema.Api\Frontends\dist\out-tsc\src\app\shared\components\docs\demo-section\demo-section.component.js.map
E:\Git\Web\emaPractice\Suftnet.Co.Ema.Api\Frontends\dist\out-tsc\src\app\shared\components\docs\demo-section-components\demo-top-section\demo-top-section.component.js
E:\Git\Web\emaPractice\Suftnet.Co.Ema.Api\Frontends\dist\out-tsc\src\app\shared\components\docs\demo-section-components\demo-top-section\demo-top-section.component.js.map
E:\Git\Web\emaPractice\Suftnet.Co.Ema.Api\Frontends\dist\out-tsc\src\app\shared\components\docs\demo-section-components\demo-top-section\index.js
E:\Git\Web\emaPractice\Suftnet.Co.Ema.Api\Frontends\dist\out-tsc\src\app\shared\components\docs\demo-section-components\demo-top-section\index.js.map
E:\Git\Web\emaPractice\Suftnet.Co.Ema.Api\Frontends\dist\out-tsc\src\app\shared\components\docs\demo-section-components\demo-examples-section\stackblitz\app.module.js
E:\Git\Web\emaPractice\Suftnet.Co.Ema.Api\Frontends\dist\out-tsc\src\app\shared\components\docs\demo-section-components\demo-examples-section\stackblitz\app.module.js.map
E:\Git\Web\emaPractice\Suftnet.Co.Ema.Api\Frontends\dist\out-tsc\src\app\shared\components\docs\demo-section-components\demo-examples-section\examples.component.js
E:\Git\Web\emaPractice\Suftnet.Co.Ema.Api\Frontends\dist\out-tsc\src\app\shared\components\docs\demo-section-components\demo-examples-section\examples.component.js.map
E:\Git\Web\emaPractice\Suftnet.Co.Ema.Api\Frontends\dist\out-tsc\src\app\shared\components\docs\api-docs\analytics\analytics.js
E:\Git\Web\emaPractice\Suftnet.Co.Ema.Api\Frontends\dist\out-tsc\src\app\shared\components\docs\api-docs\analytics\analytics.js.map
E:\Git\Web\emaPractice\Suftnet.Co.Ema.Api\Frontends\dist\out-tsc\src\app\shared\components\docs\api-docs\api-docs.model.js
E:\Git\Web\emaPractice\Suftnet.Co.Ema.Api\Frontends\dist\out-tsc\src\app\shared\components\docs\api-docs\api-docs.model.js.map
E:\Git\Web\emaPractice\Suftnet.Co.Ema.Api\Frontends\dist\out-tsc\src\app\shared\components\docs\api-docs\api-doc\api-doc.component.js
E:\Git\Web\emaPractice\Suftnet.Co.Ema.Api\Frontends\dist\out-tsc\src\app\shared\components\docs\api-docs\api-doc\api-doc.component.js.map
E:\Git\Web\emaPractice\Suftnet.Co.Ema.Api\Frontends\dist\out-tsc\src\app\shared\components\docs\api-docs\api-doc-class\api-doc-class.component.js
E:\Git\Web\emaPractice\Suftnet.Co.Ema.Api\Frontends\dist\out-tsc\src\app\shared\components\docs\api-docs\api-doc-class\api-doc-class.component.js.map
E:\Git\Web\emaPractice\Suftnet.Co.Ema.Api\Frontends\dist\out-tsc\src\app\shared\components\docs\api-docs\api-doc-config\api-doc-config.component.js
E:\Git\Web\emaPractice\Suftnet.Co.Ema.Api\Frontends\dist\out-tsc\src\app\shared\components\docs\api-docs\api-doc-config\api-doc-config.component.js.map
E:\Git\Web\emaPractice\Suftnet.Co.Ema.Api\Frontends\dist\out-tsc\src\app\shared\components\docs\api-docs\sample-box\sample-box.component.js
E:\Git\Web\emaPractice\Suftnet.Co.Ema.Api\Frontends\dist\out-tsc\src\app\shared\components\docs\api-docs\sample-box\sample-box.component.js.map
E:\Git\Web\emaPractice\Suftnet.Co.Ema.Api\Frontends\dist\out-tsc\src\app\shared\components\docs\api-docs\index.js
E:\Git\Web\emaPractice\Suftnet.Co.Ema.Api\Frontends\dist\out-tsc\src\app\shared\components\docs\api-docs\index.js.map
E:\Git\Web\emaPractice\Suftnet.Co.Ema.Api\Frontends\dist\out-tsc\src\app\shared\components\docs\demo-section-components\demo-examples-section\index.js
E:\Git\Web\emaPractice\Suftnet.Co.Ema.Api\Frontends\dist\out-tsc\src\app\shared\components\docs\demo-section-components\demo-examples-section\index.js.map
E:\Git\Web\emaPractice\Suftnet.Co.Ema.Api\Frontends\dist\out-tsc\src\app\shared\components\docs\demo-section-components\demo-api-section\api-sections.component.js
E:\Git\Web\emaPractice\Suftnet.Co.Ema.Api\Frontends\dist\out-tsc\src\app\shared\components\docs\demo-section-components\demo-api-section\api-sections.component.js.map
E:\Git\Web\emaPractice\Suftnet.Co.Ema.Api\Frontends\dist\out-tsc\src\app\shared\components\docs\demo-section-components\demo-api-section\index.js
E:\Git\Web\emaPractice\Suftnet.Co.Ema.Api\Frontends\dist\out-tsc\src\app\shared\components\docs\demo-section-components\demo-api-section\index.js.map
E:\Git\Web\emaPractice\Suftnet.Co.Ema.Api\Frontends\dist\out-tsc\src\app\shared\components\docs\docs-section\docs-section.component.js
E:\Git\Web\emaPractice\Suftnet.Co.Ema.Api\Frontends\dist\out-tsc\src\app\shared\components\docs\docs-section\docs-section.component.js.map
E:\Git\Web\emaPractice\Suftnet.Co.Ema.Api\Frontends\dist\out-tsc\src\app\shared\components\docs\index.js
E:\Git\Web\emaPractice\Suftnet.Co.Ema.Api\Frontends\dist\out-tsc\src\app\shared\components\docs\index.js.map
E:\Git\Web\emaPractice\Suftnet.Co.Ema.Api\Frontends\dist\out-tsc\src\app\shared\components\docs\api-docs\ng-api-doc.js
E:\Git\Web\emaPractice\Suftnet.Co.Ema.Api\Frontends\dist\out-tsc\src\app\shared\components\docs\api-docs\ng-api-doc.js.map
E:\Git\Web\emaPractice\Suftnet.Co.Ema.Api\Frontends\dist\out-tsc\src\app\shared\components\docs\demo-section-components\demo-examples-section\stackblitz\helpers.js
E:\Git\Web\emaPractice\Suftnet.Co.Ema.Api\Frontends\dist\out-tsc\src\app\shared\components\docs\demo-section-components\demo-examples-section\stackblitz\helpers.js.map
E:\Git\Web\emaPractice\Suftnet.Co.Ema.Api\Frontends\dist\out-tsc\src\app\shared\components\docs\demo-section-components\demo-examples-section\stackblitz\html.js
E:\Git\Web\emaPractice\Suftnet.Co.Ema.Api\Frontends\dist\out-tsc\src\app\shared\components\docs\demo-section-components\demo-examples-section\stackblitz\html.js.map
E:\Git\Web\emaPractice\Suftnet.Co.Ema.Api\Frontends\dist\out-tsc\src\app\shared\components\docs\demo-section-components\demo-examples-section\stackblitz\main.js
E:\Git\Web\emaPractice\Suftnet.Co.Ema.Api\Frontends\dist\out-tsc\src\app\shared\components\docs\demo-section-components\demo-examples-section\stackblitz\main.js.map
E:\Git\Web\emaPractice\Suftnet.Co.Ema.Api\Frontends\dist\out-tsc\src\app\shared\components\docs\demo-section-components\demo-examples-section\stackblitz\polyfills.js
E:\Git\Web\emaPractice\Suftnet.Co.Ema.Api\Frontends\dist\out-tsc\src\app\shared\components\docs\demo-section-components\demo-examples-section\stackblitz\polyfills.js.map
E:\Git\Web\emaPractice\Suftnet.Co.Ema.Api\Frontends\dist\out-tsc\src\app\shared\components\radio\radio.component.js
E:\Git\Web\emaPractice\Suftnet.Co.Ema.Api\Frontends\dist\out-tsc\src\app\shared\components\radio\radio.component.js.map
E:\Git\Web\emaPractice\Suftnet.Co.Ema.Api\Frontends\dist\out-tsc\src\app\shared\components\radio\radio.module.js
E:\Git\Web\emaPractice\Suftnet.Co.Ema.Api\Frontends\dist\out-tsc\src\app\shared\components\radio\radio.module.js.map
E:\Git\Web\emaPractice\Suftnet.Co.Ema.Api\Frontends\dist\out-tsc\src\app\shared\components\upload\upload-dragger.component.js
E:\Git\Web\emaPractice\Suftnet.Co.Ema.Api\Frontends\dist\out-tsc\src\app\shared\components\upload\upload-dragger.component.js.map
E:\Git\Web\emaPractice\Suftnet.Co.Ema.Api\Frontends\dist\out-tsc\src\app\shared\components\upload\upload.interface.js
E:\Git\Web\emaPractice\Suftnet.Co.Ema.Api\Frontends\dist\out-tsc\src\app\shared\components\upload\upload.interface.js.map
E:\Git\Web\emaPractice\Suftnet.Co.Ema.Api\Frontends\dist\out-tsc\src\app\shared\components\upload\upload-list.component.js
E:\Git\Web\emaPractice\Suftnet.Co.Ema.Api\Frontends\dist\out-tsc\src\app\shared\components\upload\upload-list.component.js.map
E:\Git\Web\emaPractice\Suftnet.Co.Ema.Api\Frontends\dist\out-tsc\src\app\shared\components\upload\upload.service.js
E:\Git\Web\emaPractice\Suftnet.Co.Ema.Api\Frontends\dist\out-tsc\src\app\shared\components\upload\upload.service.js.map
E:\Git\Web\emaPractice\Suftnet.Co.Ema.Api\Frontends\dist\out-tsc\src\app\shared\components\upload\upload.component.js
E:\Git\Web\emaPractice\Suftnet.Co.Ema.Api\Frontends\dist\out-tsc\src\app\shared\components\upload\upload.component.js.map
E:\Git\Web\emaPractice\Suftnet.Co.Ema.Api\Frontends\dist\out-tsc\src\app\shared\components\upload\upload.module.js
E:\Git\Web\emaPractice\Suftnet.Co.Ema.Api\Frontends\dist\out-tsc\src\app\shared\components\upload\upload.module.js.map
E:\Git\Web\emaPractice\Suftnet.Co.Ema.Api\Frontends\dist\out-tsc\src\app\shared\services\authentication.service.js
E:\Git\Web\emaPractice\Suftnet.Co.Ema.Api\Frontends\dist\out-tsc\src\app\shared\services\authentication.service.js.map
E:\Git\Web\emaPractice\Suftnet.Co.Ema.Api\Frontends\dist\out-tsc\src\app\shared\interceptor\token.interceptor.js
E:\Git\Web\emaPractice\Suftnet.Co.Ema.Api\Frontends\dist\out-tsc\src\app\shared\interceptor\token.interceptor.js.map
E:\Git\Web\emaPractice\Suftnet.Co.Ema.Api\Frontends\dist\out-tsc\src\app\shared\types\notification.interface.js
E:\Git\Web\emaPractice\Suftnet.Co.Ema.Api\Frontends\dist\out-tsc\src\app\shared\types\notification.interface.js.map
E:\Git\Web\emaPractice\Suftnet.Co.Ema.Api\Frontends\dist\out-tsc\src\app\shared\utils\GenerateUid.js
E:\Git\Web\emaPractice\Suftnet.Co.Ema.Api\Frontends\dist\out-tsc\src\app\shared\utils\GenerateUid.js.map
E:\Git\Web\emaPractice\Suftnet.Co.Ema.Api\Frontends\dist\out-tsc\src\app\shared\utils\HexToRGB.js
E:\Git\Web\emaPractice\Suftnet.Co.Ema.Api\Frontends\dist\out-tsc\src\app\shared\utils\HexToRGB.js.map
E:\Git\Web\emaPractice\Suftnet.Co.Ema.Api\Frontends\dist\out-tsc\src\app\shared\utils\WildcardSearch.js
E:\Git\Web\emaPractice\Suftnet.Co.Ema.Api\Frontends\dist\out-tsc\src\app\shared\utils\WildcardSearch.js.map
E:\Git\Web\emaPractice\Suftnet.Co.Ema.Api\Frontends\dist\out-tsc\src\app\views\dashboard\dashboard.type.js
E:\Git\Web\emaPractice\Suftnet.Co.Ema.Api\Frontends\dist\out-tsc\src\app\views\dashboard\dashboard.type.js.map
E:\Git\Web\emaPractice\Suftnet.Co.Ema.Api\Frontends\dist\out-tsc\src\app\views\dashboard\dashboard.service.js
E:\Git\Web\emaPractice\Suftnet.Co.Ema.Api\Frontends\dist\out-tsc\src\app\views\dashboard\dashboard.service.js.map
E:\Git\Web\emaPractice\Suftnet.Co.Ema.Api\Frontends\dist\out-tsc\src\app\views\errors\error-1\error-1.component.js
E:\Git\Web\emaPractice\Suftnet.Co.Ema.Api\Frontends\dist\out-tsc\src\app\views\errors\error-1\error-1.component.js.map
E:\Git\Web\emaPractice\Suftnet.Co.Ema.Api\Frontends\dist\out-tsc\src\app\views\errors\error-2\error-2.component.js
E:\Git\Web\emaPractice\Suftnet.Co.Ema.Api\Frontends\dist\out-tsc\src\app\views\errors\error-2\error-2.component.js.map
E:\Git\Web\emaPractice\Suftnet.Co.Ema.Api\Frontends\dist\out-tsc\src\app\views\errors\errors-routing.module.js
E:\Git\Web\emaPractice\Suftnet.Co.Ema.Api\Frontends\dist\out-tsc\src\app\views\errors\errors-routing.module.js.map
E:\Git\Web\emaPractice\Suftnet.Co.Ema.Api\Frontends\dist\out-tsc\src\app\views\errors\errors.module.js
E:\Git\Web\emaPractice\Suftnet.Co.Ema.Api\Frontends\dist\out-tsc\src\app\views\errors\errors.module.js.map
E:\Git\Web\emaPractice\Suftnet.Co.Ema.Api\Frontends\dist\out-tsc\src\app\views\frontends\accounts\login\login.component.spec.js
E:\Git\Web\emaPractice\Suftnet.Co.Ema.Api\Frontends\dist\out-tsc\src\app\views\frontends\accounts\login\login.component.spec.js.map
E:\Git\Web\emaPractice\Suftnet.Co.Ema.Api\Frontends\dist\out-tsc\src\app\views\frontends\accounts\reset\reset.component.spec.js
E:\Git\Web\emaPractice\Suftnet.Co.Ema.Api\Frontends\dist\out-tsc\src\app\views\frontends\accounts\reset\reset.component.spec.js.map
E:\Git\Web\emaPractice\Suftnet.Co.Ema.Api\Frontends\dist\out-tsc\src\app\views\frontends\accounts\signup\signup.component.spec.js
E:\Git\Web\emaPractice\Suftnet.Co.Ema.Api\Frontends\dist\out-tsc\src\app\views\frontends\accounts\signup\signup.component.spec.js.map
E:\Git\Web\emaPractice\Suftnet.Co.Ema.Api\Frontends\dist\out-tsc\src\app\views\frontends\contact\contact.component.spec.js
E:\Git\Web\emaPractice\Suftnet.Co.Ema.Api\Frontends\dist\out-tsc\src\app\views\frontends\contact\contact.component.spec.js.map
E:\Git\Web\emaPractice\Suftnet.Co.Ema.Api\Frontends\dist\out-tsc\src\app\views\frontends\features\features.component.spec.js
E:\Git\Web\emaPractice\Suftnet.Co.Ema.Api\Frontends\dist\out-tsc\src\app\views\frontends\features\features.component.spec.js.map
E:\Git\Web\emaPractice\Suftnet.Co.Ema.Api\Frontends\dist\out-tsc\src\app\views\frontends\features\features.routing.module.js
E:\Git\Web\emaPractice\Suftnet.Co.Ema.Api\Frontends\dist\out-tsc\src\app\views\frontends\features\features.routing.module.js.map
E:\Git\Web\emaPractice\Suftnet.Co.Ema.Api\Frontends\dist\out-tsc\src\app\views\frontends\frontend-footer\frontend-footer.component.spec.js
E:\Git\Web\emaPractice\Suftnet.Co.Ema.Api\Frontends\dist\out-tsc\src\app\views\frontends\frontend-footer\frontend-footer.component.spec.js.map
E:\Git\Web\emaPractice\Suftnet.Co.Ema.Api\Frontends\dist\out-tsc\src\app\views\frontends\frontend-header\frontend-header.component.spec.js
E:\Git\Web\emaPractice\Suftnet.Co.Ema.Api\Frontends\dist\out-tsc\src\app\views\frontends\frontend-header\frontend-header.component.spec.js.map
E:\Git\Web\emaPractice\Suftnet.Co.Ema.Api\Frontends\dist\out-tsc\src\app\views\frontends\frontend-theme\frontend-theme.component.spec.js
E:\Git\Web\emaPractice\Suftnet.Co.Ema.Api\Frontends\dist\out-tsc\src\app\views\frontends\frontend-theme\frontend-theme.component.spec.js.map
E:\Git\Web\emaPractice\Suftnet.Co.Ema.Api\Frontends\dist\out-tsc\src\app\views\frontends\home\home.component.spec.js
E:\Git\Web\emaPractice\Suftnet.Co.Ema.Api\Frontends\dist\out-tsc\src\app\views\frontends\home\home.component.spec.js.map
E:\Git\Web\emaPractice\Suftnet.Co.Ema.Api\Frontends\dist\out-tsc\src\app\views\frontends\screenshots\screenshots.component.spec.js
E:\Git\Web\emaPractice\Suftnet.Co.Ema.Api\Frontends\dist\out-tsc\src\app\views\frontends\screenshots\screenshots.component.spec.js.map
E:\Git\Web\emaPractice\Suftnet.Co.Ema.Api\Frontends\dist\out-tsc\src\app\views\frontends\screenshots\screenshots.routing.module.js
E:\Git\Web\emaPractice\Suftnet.Co.Ema.Api\Frontends\dist\out-tsc\src\app\views\frontends\screenshots\screenshots.routing.module.js.map
E:\Git\Web\emaPractice\Suftnet.Co.Ema.Api\Frontends\dist\out-tsc\src\app\views\frontends\scrollup\scrollup.component.spec.js
E:\Git\Web\emaPractice\Suftnet.Co.Ema.Api\Frontends\dist\out-tsc\src\app\views\frontends\scrollup\scrollup.component.spec.js.map
E:\Git\Web\emaPractice\Suftnet.Co.Ema.Api\Frontends\dist\out-tsc\src\environments\environment.prod.js
E:\Git\Web\emaPractice\Suftnet.Co.Ema.Api\Frontends\dist\out-tsc\src\environments\environment.prod.js.map
