E:\Git\Web\emaPractice\Suftnet.Co.Ema.Api\Frontend\dist\out-tsc\e2e\src\app.po.js
E:\Git\Web\emaPractice\Suftnet.Co.Ema.Api\Frontend\dist\out-tsc\e2e\src\app.po.js.map
E:\Git\Web\emaPractice\Suftnet.Co.Ema.Api\Frontend\dist\out-tsc\e2e\src\app.e2e-spec.js
E:\Git\Web\emaPractice\Suftnet.Co.Ema.Api\Frontend\dist\out-tsc\e2e\src\app.e2e-spec.js.map
E:\Git\Web\emaPractice\Suftnet.Co.Ema.Api\Frontend\dist\out-tsc\src\app\themes\theme-two\theme-two.component.js
E:\Git\Web\emaPractice\Suftnet.Co.Ema.Api\Frontend\dist\out-tsc\src\app\themes\theme-two\theme-two.component.js.map
E:\Git\Web\emaPractice\Suftnet.Co.Ema.Api\Frontend\dist\out-tsc\src\app\components\accounts\login\login.component.js
E:\Git\Web\emaPractice\Suftnet.Co.Ema.Api\Frontend\dist\out-tsc\src\app\components\accounts\login\login.component.js.map
E:\Git\Web\emaPractice\Suftnet.Co.Ema.Api\Frontend\dist\out-tsc\src\app\model\user.js
E:\Git\Web\emaPractice\Suftnet.Co.Ema.Api\Frontend\dist\out-tsc\src\app\model\user.js.map
E:\Git\Web\emaPractice\Suftnet.Co.Ema.Api\Frontend\dist\out-tsc\src\app\services\UserService.js
E:\Git\Web\emaPractice\Suftnet.Co.Ema.Api\Frontend\dist\out-tsc\src\app\services\UserService.js.map
E:\Git\Web\emaPractice\Suftnet.Co.Ema.Api\Frontend\dist\out-tsc\src\app\components\accounts\signup\signup.component.js
E:\Git\Web\emaPractice\Suftnet.Co.Ema.Api\Frontend\dist\out-tsc\src\app\components\accounts\signup\signup.component.js.map
E:\Git\Web\emaPractice\Suftnet.Co.Ema.Api\Frontend\dist\out-tsc\src\app\components\accounts\reset\reset.component.js
E:\Git\Web\emaPractice\Suftnet.Co.Ema.Api\Frontend\dist\out-tsc\src\app\components\accounts\reset\reset.component.js.map
E:\Git\Web\emaPractice\Suftnet.Co.Ema.Api\Frontend\dist\out-tsc\src\app\components\thank-you\thank-you.component.js
E:\Git\Web\emaPractice\Suftnet.Co.Ema.Api\Frontend\dist\out-tsc\src\app\components\thank-you\thank-you.component.js.map
E:\Git\Web\emaPractice\Suftnet.Co.Ema.Api\Frontend\dist\out-tsc\src\app\app-routing.module.js
E:\Git\Web\emaPractice\Suftnet.Co.Ema.Api\Frontend\dist\out-tsc\src\app\app-routing.module.js.map
E:\Git\Web\emaPractice\Suftnet.Co.Ema.Api\Frontend\dist\out-tsc\src\app\app.component.js
E:\Git\Web\emaPractice\Suftnet.Co.Ema.Api\Frontend\dist\out-tsc\src\app\app.component.js.map
E:\Git\Web\emaPractice\Suftnet.Co.Ema.Api\Frontend\dist\out-tsc\src\app\components\work\work.component.js
E:\Git\Web\emaPractice\Suftnet.Co.Ema.Api\Frontend\dist\out-tsc\src\app\components\work\work.component.js.map
E:\Git\Web\emaPractice\Suftnet.Co.Ema.Api\Frontend\dist\out-tsc\src\app\components\download\download.component.js
E:\Git\Web\emaPractice\Suftnet.Co.Ema.Api\Frontend\dist\out-tsc\src\app\components\download\download.component.js.map
E:\Git\Web\emaPractice\Suftnet.Co.Ema.Api\Frontend\dist\out-tsc\src\app\components\contact\contact.component.js
E:\Git\Web\emaPractice\Suftnet.Co.Ema.Api\Frontend\dist\out-tsc\src\app\components\contact\contact.component.js.map
E:\Git\Web\emaPractice\Suftnet.Co.Ema.Api\Frontend\dist\out-tsc\src\app\components\footer\footer-one\footer-one.component.js
E:\Git\Web\emaPractice\Suftnet.Co.Ema.Api\Frontend\dist\out-tsc\src\app\components\footer\footer-one\footer-one.component.js.map
E:\Git\Web\emaPractice\Suftnet.Co.Ema.Api\Frontend\dist\out-tsc\src\app\components\scrollup\scrollup.component.js
E:\Git\Web\emaPractice\Suftnet.Co.Ema.Api\Frontend\dist\out-tsc\src\app\components\scrollup\scrollup.component.js.map
E:\Git\Web\emaPractice\Suftnet.Co.Ema.Api\Frontend\dist\out-tsc\src\app\components\welcome\welcome-two\welcome-two.component.js
E:\Git\Web\emaPractice\Suftnet.Co.Ema.Api\Frontend\dist\out-tsc\src\app\components\welcome\welcome-two\welcome-two.component.js.map
E:\Git\Web\emaPractice\Suftnet.Co.Ema.Api\Frontend\dist\out-tsc\src\app\components\features\feature-two\feature-two.component.js
E:\Git\Web\emaPractice\Suftnet.Co.Ema.Api\Frontend\dist\out-tsc\src\app\components\features\feature-two\feature-two.component.js.map
E:\Git\Web\emaPractice\Suftnet.Co.Ema.Api\Frontend\dist\out-tsc\src\app\components\discover\discover-two\discover-two.component.js
E:\Git\Web\emaPractice\Suftnet.Co.Ema.Api\Frontend\dist\out-tsc\src\app\components\discover\discover-two\discover-two.component.js.map
E:\Git\Web\emaPractice\Suftnet.Co.Ema.Api\Frontend\dist\out-tsc\src\app\components\services\service-two\service-two.component.js
E:\Git\Web\emaPractice\Suftnet.Co.Ema.Api\Frontend\dist\out-tsc\src\app\components\services\service-two\service-two.component.js.map
E:\Git\Web\emaPractice\Suftnet.Co.Ema.Api\Frontend\dist\out-tsc\src\app\components\screenshots\screenshot-two\screenshot-two.component.js
E:\Git\Web\emaPractice\Suftnet.Co.Ema.Api\Frontend\dist\out-tsc\src\app\components\screenshots\screenshot-two\screenshot-two.component.js.map
E:\Git\Web\emaPractice\Suftnet.Co.Ema.Api\Frontend\dist\out-tsc\src\app\components\faq\faq-two\faq-two.component.js
E:\Git\Web\emaPractice\Suftnet.Co.Ema.Api\Frontend\dist\out-tsc\src\app\components\faq\faq-two\faq-two.component.js.map
E:\Git\Web\emaPractice\Suftnet.Co.Ema.Api\Frontend\dist\out-tsc\src\app\components\header\header-two\header-two.component.js
E:\Git\Web\emaPractice\Suftnet.Co.Ema.Api\Frontend\dist\out-tsc\src\app\components\header\header-two\header-two.component.js.map
E:\Git\Web\emaPractice\Suftnet.Co.Ema.Api\Frontend\dist\out-tsc\src\app\services\AlertifyService.js
E:\Git\Web\emaPractice\Suftnet.Co.Ema.Api\Frontend\dist\out-tsc\src\app\services\AlertifyService.js.map
E:\Git\Web\emaPractice\Suftnet.Co.Ema.Api\Frontend\dist\out-tsc\src\app\app.module.js
E:\Git\Web\emaPractice\Suftnet.Co.Ema.Api\Frontend\dist\out-tsc\src\app\app.module.js.map
E:\Git\Web\emaPractice\Suftnet.Co.Ema.Api\Frontend\dist\out-tsc\src\environments\environment.js
E:\Git\Web\emaPractice\Suftnet.Co.Ema.Api\Frontend\dist\out-tsc\src\environments\environment.js.map
E:\Git\Web\emaPractice\Suftnet.Co.Ema.Api\Frontend\dist\out-tsc\src\main.js
E:\Git\Web\emaPractice\Suftnet.Co.Ema.Api\Frontend\dist\out-tsc\src\main.js.map
E:\Git\Web\emaPractice\Suftnet.Co.Ema.Api\Frontend\dist\out-tsc\src\polyfills.js
E:\Git\Web\emaPractice\Suftnet.Co.Ema.Api\Frontend\dist\out-tsc\src\polyfills.js.map
E:\Git\Web\emaPractice\Suftnet.Co.Ema.Api\Frontend\dist\out-tsc\src\test.js
E:\Git\Web\emaPractice\Suftnet.Co.Ema.Api\Frontend\dist\out-tsc\src\test.js.map
E:\Git\Web\emaPractice\Suftnet.Co.Ema.Api\Frontend\dist\out-tsc\src\app\app.component.spec.js
E:\Git\Web\emaPractice\Suftnet.Co.Ema.Api\Frontend\dist\out-tsc\src\app\app.component.spec.js.map
E:\Git\Web\emaPractice\Suftnet.Co.Ema.Api\Frontend\dist\out-tsc\src\app\components\accounts\login\login.component.spec.js
E:\Git\Web\emaPractice\Suftnet.Co.Ema.Api\Frontend\dist\out-tsc\src\app\components\accounts\login\login.component.spec.js.map
E:\Git\Web\emaPractice\Suftnet.Co.Ema.Api\Frontend\dist\out-tsc\src\app\components\accounts\reset\reset.component.spec.js
E:\Git\Web\emaPractice\Suftnet.Co.Ema.Api\Frontend\dist\out-tsc\src\app\components\accounts\reset\reset.component.spec.js.map
E:\Git\Web\emaPractice\Suftnet.Co.Ema.Api\Frontend\dist\out-tsc\src\app\components\accounts\signup\signup.component.spec.js
E:\Git\Web\emaPractice\Suftnet.Co.Ema.Api\Frontend\dist\out-tsc\src\app\components\accounts\signup\signup.component.spec.js.map
E:\Git\Web\emaPractice\Suftnet.Co.Ema.Api\Frontend\dist\out-tsc\src\app\components\contact\contact.component.spec.js
E:\Git\Web\emaPractice\Suftnet.Co.Ema.Api\Frontend\dist\out-tsc\src\app\components\contact\contact.component.spec.js.map
E:\Git\Web\emaPractice\Suftnet.Co.Ema.Api\Frontend\dist\out-tsc\src\app\components\discover\discover-two\discover-two.component.spec.js
E:\Git\Web\emaPractice\Suftnet.Co.Ema.Api\Frontend\dist\out-tsc\src\app\components\discover\discover-two\discover-two.component.spec.js.map
E:\Git\Web\emaPractice\Suftnet.Co.Ema.Api\Frontend\dist\out-tsc\src\app\components\download\download.component.spec.js
E:\Git\Web\emaPractice\Suftnet.Co.Ema.Api\Frontend\dist\out-tsc\src\app\components\download\download.component.spec.js.map
E:\Git\Web\emaPractice\Suftnet.Co.Ema.Api\Frontend\dist\out-tsc\src\app\components\faq\faq-two\faq-two.component.spec.js
E:\Git\Web\emaPractice\Suftnet.Co.Ema.Api\Frontend\dist\out-tsc\src\app\components\faq\faq-two\faq-two.component.spec.js.map
E:\Git\Web\emaPractice\Suftnet.Co.Ema.Api\Frontend\dist\out-tsc\src\app\components\features\feature-two\feature-two.component.spec.js
E:\Git\Web\emaPractice\Suftnet.Co.Ema.Api\Frontend\dist\out-tsc\src\app\components\features\feature-two\feature-two.component.spec.js.map
E:\Git\Web\emaPractice\Suftnet.Co.Ema.Api\Frontend\dist\out-tsc\src\app\components\footer\footer-one\footer-one.component.spec.js
E:\Git\Web\emaPractice\Suftnet.Co.Ema.Api\Frontend\dist\out-tsc\src\app\components\footer\footer-one\footer-one.component.spec.js.map
E:\Git\Web\emaPractice\Suftnet.Co.Ema.Api\Frontend\dist\out-tsc\src\app\components\header\header-two\header-two.component.spec.js
E:\Git\Web\emaPractice\Suftnet.Co.Ema.Api\Frontend\dist\out-tsc\src\app\components\header\header-two\header-two.component.spec.js.map
E:\Git\Web\emaPractice\Suftnet.Co.Ema.Api\Frontend\dist\out-tsc\src\app\components\screenshots\screenshot-two\screenshot-two.component.spec.js
E:\Git\Web\emaPractice\Suftnet.Co.Ema.Api\Frontend\dist\out-tsc\src\app\components\screenshots\screenshot-two\screenshot-two.component.spec.js.map
E:\Git\Web\emaPractice\Suftnet.Co.Ema.Api\Frontend\dist\out-tsc\src\app\components\scrollup\scrollup.component.spec.js
E:\Git\Web\emaPractice\Suftnet.Co.Ema.Api\Frontend\dist\out-tsc\src\app\components\scrollup\scrollup.component.spec.js.map
E:\Git\Web\emaPractice\Suftnet.Co.Ema.Api\Frontend\dist\out-tsc\src\app\components\services\service-two\service-two.component.spec.js
E:\Git\Web\emaPractice\Suftnet.Co.Ema.Api\Frontend\dist\out-tsc\src\app\components\services\service-two\service-two.component.spec.js.map
E:\Git\Web\emaPractice\Suftnet.Co.Ema.Api\Frontend\dist\out-tsc\src\app\components\thank-you\thank-you.component.spec.js
E:\Git\Web\emaPractice\Suftnet.Co.Ema.Api\Frontend\dist\out-tsc\src\app\components\thank-you\thank-you.component.spec.js.map
E:\Git\Web\emaPractice\Suftnet.Co.Ema.Api\Frontend\dist\out-tsc\src\app\components\welcome\welcome-two\welcome-two.component.spec.js
E:\Git\Web\emaPractice\Suftnet.Co.Ema.Api\Frontend\dist\out-tsc\src\app\components\welcome\welcome-two\welcome-two.component.spec.js.map
E:\Git\Web\emaPractice\Suftnet.Co.Ema.Api\Frontend\dist\out-tsc\src\app\components\work\work.component.spec.js
E:\Git\Web\emaPractice\Suftnet.Co.Ema.Api\Frontend\dist\out-tsc\src\app\components\work\work.component.spec.js.map
E:\Git\Web\emaPractice\Suftnet.Co.Ema.Api\Frontend\dist\out-tsc\src\app\config\defaultConfig.js
E:\Git\Web\emaPractice\Suftnet.Co.Ema.Api\Frontend\dist\out-tsc\src\app\config\defaultConfig.js.map
E:\Git\Web\emaPractice\Suftnet.Co.Ema.Api\Frontend\dist\out-tsc\src\app\services\error.interceptor.js
E:\Git\Web\emaPractice\Suftnet.Co.Ema.Api\Frontend\dist\out-tsc\src\app\services\error.interceptor.js.map
E:\Git\Web\emaPractice\Suftnet.Co.Ema.Api\Frontend\dist\out-tsc\src\app\themes\theme-two\theme-two.component.spec.js
E:\Git\Web\emaPractice\Suftnet.Co.Ema.Api\Frontend\dist\out-tsc\src\app\themes\theme-two\theme-two.component.spec.js.map
E:\Git\Web\emaPractice\Suftnet.Co.Ema.Api\Frontend\dist\out-tsc\src\environments\environment.prod.js
E:\Git\Web\emaPractice\Suftnet.Co.Ema.Api\Frontend\dist\out-tsc\src\environments\environment.prod.js.map
